0 info it worked if it ends with ok
1 verbose cli [ '/Users/robertrosario/.nvm/versions/node/v5.6.0/bin/node',
1 verbose cli   '/Users/robertrosario/.nvm/versions/node/v5.6.0/bin/npm',
1 verbose cli   'run',
1 verbose cli   'babel' ]
2 info using npm@3.7.2
3 info using node@v5.6.0
4 verbose run-script [ 'prebabel', 'babel', 'postbabel' ]
5 info lifecycle dockdev@1.0.0~prebabel: dockdev@1.0.0
6 silly lifecycle dockdev@1.0.0~prebabel: no script for prebabel, continuing
7 info lifecycle dockdev@1.0.0~babel: dockdev@1.0.0
8 verbose lifecycle dockdev@1.0.0~babel: unsafe-perm in lifecycle true
9 verbose lifecycle dockdev@1.0.0~babel: PATH: /Users/robertrosario/.nvm/versions/node/v5.6.0/lib/node_modules/npm/bin/node-gyp-bin:/Users/robertrosario/Documents/GitHub/Codesmith-2.0/DockDev/node_modules/.bin:/Users/robertrosario/.nvm/versions/node/v5.6.0/bin:/Users/robertrosario/.nvm/versions/node/v5.6.0/bin:/local/bin:/opt/local/sbin:/usr/local/bin:/usr/bin:/bin:/usr/sbin:/sbin:/Applications/Xcode.app/Contents/Developer/usr/libexec/git-core:/local/bin:/opt/local/sbin:/sbin >  >
10 verbose lifecycle dockdev@1.0.0~babel: CWD: /Users/robertrosario/Documents/GitHub/Codesmith-2.0/DockDev
11 silly lifecycle dockdev@1.0.0~babel: Args: [ '-c',
11 silly lifecycle   'npm run babel:test & npm run babel:watch & babel:react' ]
12 info lifecycle dockdev@1.0.0~babel: Failed to exec babel script
13 verbose stack Error: dockdev@1.0.0 babel: `npm run babel:test & npm run babel:watch & babel:react`
13 verbose stack spawn ENOENT
13 verbose stack     at ChildProcess.<anonymous> (/Users/robertrosario/.nvm/versions/node/v5.6.0/lib/node_modules/npm/lib/utils/spawn.js:17:16)
13 verbose stack     at emitTwo (events.js:100:13)
13 verbose stack     at ChildProcess.emit (events.js:185:7)
13 verbose stack     at maybeClose (internal/child_process.js:827:16)
13 verbose stack     at Process.ChildProcess._handle.onexit (internal/child_process.js:211:5)
14 verbose pkgid dockdev@1.0.0
15 verbose cwd /Users/robertrosario/Documents/GitHub/Codesmith-2.0/DockDev
16 error Darwin 15.3.0
17 error argv "/Users/robertrosario/.nvm/versions/node/v5.6.0/bin/node" "/Users/robertrosario/.nvm/versions/node/v5.6.0/bin/npm" "run" "babel"
18 error node v5.6.0
19 error npm  v3.7.2
20 error file sh
21 error code ELIFECYCLE
22 error errno ENOENT
23 error syscall spawn
24 error dockdev@1.0.0 babel: `npm run babel:test & npm run babel:watch & babel:react`
24 error spawn ENOENT
25 error Failed at the dockdev@1.0.0 babel script 'npm run babel:test & npm run babel:watch & babel:react'.
25 error Make sure you have the latest version of node.js and npm installed.
25 error If you do, this is most likely a problem with the dockdev package,
25 error not with npm itself.
25 error Tell the author that this fails on your system:
25 error     npm run babel:test & npm run babel:watch & babel:react
25 error You can get information on how to open an issue for this project with:
25 error     npm bugs dockdev
25 error Or if that isn't available, you can get their info via:
25 error     npm owner ls dockdev
25 error There is likely additional logging output above.
26 verbose exit [ 1, true ]
